  % Total    % Received % Xferd  Average Speed   Time    Time     Time  Current
                                 Dload  Upload   Total   Spent    Left  Speed
  0     0    0     0    0     0      0      0 --:--:-- --:--:-- --:--:--     0  0     0    0     0    0     0      0      0 --:--:-- --:--:-- --:--:--     0
  0     0    0     0    0     0      0      0 --:--:-- --:--:-- --:--:--     0
 11 6071k   11  671k    0     0  2109k      0  0:00:02 --:--:--  0:00:02 2109k100 6071k  100 6071k    0     0  15.2M      0 --:--:-- --:--:-- --:--:-- 75.3M
FantasqueSansMono installed successfully
Victor Font installed successfully
Font directories:
	/usr/share/X11/fonts/Type1
	/usr/share/X11/fonts/TTF
	/home/softmax/.local/share/fonts
	/usr/local/share/fonts
	/usr/share/fonts
	/home/softmax/.fonts
	/home/softmax/.local/share/fonts/FantasqueSansMonoNerd
	/home/softmax/.local/share/fonts/JetBrainsMonoNerd
	/home/softmax/.local/share/fonts/VictorMono
	/usr/share/fonts/abattis-cantarell-vf-fonts
	/usr/share/fonts/google-noto-vf
	/home/softmax/.local/share/fonts/VictorMono/EOT
	/home/softmax/.local/share/fonts/VictorMono/OTF
	/home/softmax/.local/share/fonts/VictorMono/TTF
	/home/softmax/.local/share/fonts/VictorMono/WOFF
	/home/softmax/.local/share/fonts/VictorMono/WOFF2
/usr/share/X11/fonts/Type1: skipping, no such directory
/usr/share/X11/fonts/TTF: skipping, no such directory
/home/softmax/.local/share/fonts: skipping, existing cache is valid: 0 fonts, 3 dirs
/home/softmax/.local/share/fonts/FantasqueSansMonoNerd: skipping, existing cache is valid: 8 fonts, 0 dirs
/home/softmax/.local/share/fonts/JetBrainsMonoNerd: skipping, existing cache is valid: 96 fonts, 0 dirs
/home/softmax/.local/share/fonts/VictorMono: skipping, existing cache is valid: 0 fonts, 5 dirs
/home/softmax/.local/share/fonts/VictorMono/EOT: skipping, existing cache is valid: 0 fonts, 0 dirs
/home/softmax/.local/share/fonts/VictorMono/OTF: skipping, existing cache is valid: 21 fonts, 0 dirs
/home/softmax/.local/share/fonts/VictorMono/TTF: skipping, existing cache is valid: 21 fonts, 0 dirs
/home/softmax/.local/share/fonts/VictorMono/WOFF: skipping, existing cache is valid: 21 fonts, 0 dirs
/home/softmax/.local/share/fonts/VictorMono/WOFF2: skipping, existing cache is valid: 21 fonts, 0 dirs
/usr/local/share/fonts: skipping, no such directory
/usr/share/fonts: skipping, existing cache is valid: 0 fonts, 2 dirs
/usr/share/fonts/abattis-cantarell-vf-fonts: skipping, existing cache is valid: 6 fonts, 0 dirs
/usr/share/fonts/google-noto-vf: skipping, existing cache is valid: 25 fonts, 0 dirs
/home/softmax/.fonts: skipping, no such directory
/home/softmax/.local/share/fonts/FantasqueSansMonoNerd: skipping, looped directory detected
/home/softmax/.local/share/fonts/JetBrainsMonoNerd: skipping, looped directory detected
/home/softmax/.local/share/fonts/VictorMono: skipping, looped directory detected
/usr/share/fonts/abattis-cantarell-vf-fonts: skipping, looped directory detected
/usr/share/fonts/google-noto-vf: skipping, looped directory detected
/home/softmax/.local/share/fonts/VictorMono/EOT: skipping, looped directory detected
/home/softmax/.local/share/fonts/VictorMono/OTF: skipping, looped directory detected
/home/softmax/.local/share/fonts/VictorMono/TTF: skipping, looped directory detected
/home/softmax/.local/share/fonts/VictorMono/WOFF: skipping, looped directory detected
/home/softmax/.local/share/fonts/VictorMono/WOFF2: skipping, looped directory detected
/usr/lib/fontconfig/cache: not cleaning unwritable cache directory
/home/softmax/.cache/fontconfig: cleaning cache directory
/home/softmax/.fontconfig: not cleaning non-existent cache directory
/usr/bin/fc-cache-64: succeeded
